2022-10-31 18:42:59,422:INFO:PyCaret Supervised Module
2022-10-31 18:42:59,422:INFO:ML Usecase: classification
2022-10-31 18:42:59,422:INFO:version 2.3.10
2022-10-31 18:42:59,422:INFO:Initializing setup()
2022-10-31 18:42:59,422:INFO:setup(target=Class variable, ml_usecase=classification, available_plots={'parameter': 'Hyperparameters', 'auc': 'AUC', 'confusion_matrix': 'Confusion Matrix', 'threshold': 'Threshold', 'pr': 'Precision Recall', 'error': 'Prediction Error', 'class_report': 'Class Report', 'rfe': 'Feature Selection', 'learning': 'Learning Curve', 'manifold': 'Manifold Learning', 'calibration': 'Calibration Curve', 'vc': 'Validation Curve', 'dimension': 'Dimensions', 'feature': 'Feature Importance', 'feature_all': 'Feature Importance (All)', 'boundary': 'Decision Boundary', 'lift': 'Lift Chart', 'gain': 'Gain Chart', 'tree': 'Decision Tree', 'ks': 'KS Statistic Plot'}, train_size=0.7, test_data=None, preprocess=True, imputation_type=simple, iterative_imputation_iters=5, categorical_features=None, categorical_imputation=constant, categorical_iterative_imputer=lightgbm, ordinal_features=None, high_cardinality_features=None, high_cardinality_method=frequency, numeric_features=None, numeric_imputation=mean, numeric_iterative_imputer=lightgbm, date_features=None, ignore_features=None, normalize=False, normalize_method=zscore, transformation=False, transformation_method=yeo-johnson, handle_unknown_categorical=True, unknown_categorical_method=least_frequent, pca=False, pca_method=linear, pca_components=None, ignore_low_variance=False, combine_rare_levels=False, rare_level_threshold=0.1, bin_numeric_features=None, remove_outliers=False, outliers_threshold=0.05, remove_multicollinearity=False, multicollinearity_threshold=0.9, remove_perfect_collinearity=True, create_clusters=False, cluster_iter=20, polynomial_features=False, polynomial_degree=2, trigonometry_features=False, polynomial_threshold=0.1, group_features=None, group_names=None, feature_selection=False, feature_selection_threshold=0.8, feature_selection_method=classic, feature_interaction=False, feature_ratio=False, interaction_threshold=0.01, fix_imbalance=False, fix_imbalance_method=None, transform_target=False, transform_target_method=box-cox, data_split_shuffle=True, data_split_stratify=False, fold_strategy=stratifiedkfold, fold=10, fold_shuffle=False, fold_groups=None, n_jobs=-1, use_gpu=False, custom_pipeline=None, html=True, session_id=None, log_experiment=False, experiment_name=None, experiment_custom_tags=None, log_plots=False, log_profile=False, log_data=False, silent=False, verbose=True, profile=False, profile_kwargs=None, display=None)
2022-10-31 18:42:59,423:INFO:Checking environment
2022-10-31 18:42:59,423:INFO:python_version: 3.8.3
2022-10-31 18:42:59,423:INFO:python_build: ('default', 'Jul  2 2020 11:26:31')
2022-10-31 18:42:59,423:INFO:machine: x86_64
2022-10-31 18:42:59,437:INFO:platform: macOS-10.15.7-x86_64-i386-64bit
2022-10-31 18:42:59,439:INFO:Memory: svmem(total=42949672960, available=16795312128, percent=60.9, used=21072461824, free=192081920, active=16605138944, inactive=16303968256, wired=4467322880)
2022-10-31 18:42:59,439:INFO:Physical Core: 8
2022-10-31 18:42:59,439:INFO:Logical Core: 16
2022-10-31 18:42:59,439:INFO:Checking libraries
2022-10-31 18:42:59,440:INFO:pd==1.0.5
2022-10-31 18:42:59,440:INFO:numpy==1.18.5
2022-10-31 18:42:59,440:INFO:sklearn==0.23.2
2022-10-31 18:42:59,440:INFO:lightgbm==3.3.3
2022-10-31 18:42:59,441:WARNING:catboost not found
2022-10-31 18:42:59,441:WARNING:xgboost not found
2022-10-31 18:42:59,441:INFO:mlflow==1.30.0
2022-10-31 18:42:59,441:INFO:Checking Exceptions
2022-10-31 18:43:13,507:INFO:PyCaret Supervised Module
2022-10-31 18:43:13,507:INFO:ML Usecase: classification
2022-10-31 18:43:13,508:INFO:version 2.3.10
2022-10-31 18:43:13,508:INFO:Initializing setup()
2022-10-31 18:43:13,508:INFO:setup(target=topic_category, ml_usecase=classification, available_plots={'parameter': 'Hyperparameters', 'auc': 'AUC', 'confusion_matrix': 'Confusion Matrix', 'threshold': 'Threshold', 'pr': 'Precision Recall', 'error': 'Prediction Error', 'class_report': 'Class Report', 'rfe': 'Feature Selection', 'learning': 'Learning Curve', 'manifold': 'Manifold Learning', 'calibration': 'Calibration Curve', 'vc': 'Validation Curve', 'dimension': 'Dimensions', 'feature': 'Feature Importance', 'feature_all': 'Feature Importance (All)', 'boundary': 'Decision Boundary', 'lift': 'Lift Chart', 'gain': 'Gain Chart', 'tree': 'Decision Tree', 'ks': 'KS Statistic Plot'}, train_size=0.7, test_data=None, preprocess=True, imputation_type=simple, iterative_imputation_iters=5, categorical_features=None, categorical_imputation=constant, categorical_iterative_imputer=lightgbm, ordinal_features=None, high_cardinality_features=None, high_cardinality_method=frequency, numeric_features=None, numeric_imputation=mean, numeric_iterative_imputer=lightgbm, date_features=None, ignore_features=None, normalize=False, normalize_method=zscore, transformation=False, transformation_method=yeo-johnson, handle_unknown_categorical=True, unknown_categorical_method=least_frequent, pca=False, pca_method=linear, pca_components=None, ignore_low_variance=False, combine_rare_levels=False, rare_level_threshold=0.1, bin_numeric_features=None, remove_outliers=False, outliers_threshold=0.05, remove_multicollinearity=False, multicollinearity_threshold=0.9, remove_perfect_collinearity=True, create_clusters=False, cluster_iter=20, polynomial_features=False, polynomial_degree=2, trigonometry_features=False, polynomial_threshold=0.1, group_features=None, group_names=None, feature_selection=False, feature_selection_threshold=0.8, feature_selection_method=classic, feature_interaction=False, feature_ratio=False, interaction_threshold=0.01, fix_imbalance=False, fix_imbalance_method=None, transform_target=False, transform_target_method=box-cox, data_split_shuffle=True, data_split_stratify=False, fold_strategy=stratifiedkfold, fold=10, fold_shuffle=False, fold_groups=None, n_jobs=-1, use_gpu=False, custom_pipeline=None, html=True, session_id=None, log_experiment=False, experiment_name=None, experiment_custom_tags=None, log_plots=False, log_profile=False, log_data=False, silent=False, verbose=True, profile=False, profile_kwargs=None, display=None)
2022-10-31 18:43:13,508:INFO:Checking environment
2022-10-31 18:43:13,508:INFO:python_version: 3.8.3
2022-10-31 18:43:13,508:INFO:python_build: ('default', 'Jul  2 2020 11:26:31')
2022-10-31 18:43:13,508:INFO:machine: x86_64
2022-10-31 18:43:13,508:INFO:platform: macOS-10.15.7-x86_64-i386-64bit
2022-10-31 18:43:13,508:INFO:Memory: svmem(total=42949672960, available=16817860608, percent=60.8, used=21049602048, free=245530624, active=16584077312, inactive=16271687680, wired=4465524736)
2022-10-31 18:43:13,508:INFO:Physical Core: 8
2022-10-31 18:43:13,508:INFO:Logical Core: 16
2022-10-31 18:43:13,508:INFO:Checking libraries
2022-10-31 18:43:13,508:INFO:pd==1.0.5
2022-10-31 18:43:13,508:INFO:numpy==1.18.5
2022-10-31 18:43:13,508:INFO:sklearn==0.23.2
2022-10-31 18:43:13,508:INFO:lightgbm==3.3.3
2022-10-31 18:43:13,509:WARNING:catboost not found
2022-10-31 18:43:13,509:WARNING:xgboost not found
2022-10-31 18:43:13,509:INFO:mlflow==1.30.0
2022-10-31 18:43:13,509:INFO:Checking Exceptions
2022-10-31 18:43:13,509:INFO:Declaring global variables
2022-10-31 18:43:13,509:INFO:USI: 2cca
2022-10-31 18:43:13,509:INFO:pycaret_globals: {'transform_target_method_param', 'pycaret_globals', 'X', 'imputation_regressor', 'exp_name_log', '_internal_pipeline', 'y', '_ml_usecase', 'create_model_container', 'log_plots_param', 'logging_param', '_all_models', '_all_models_internal', 'fold_groups_param_full', 'fold_groups_param', 'X_train', 'fold_generator', 'seed', 'X_test', 'display_container', 'html_param', 'stratify_param', 'prep_pipe', 'y_train', 'dashboard_logger', 'imputation_classifier', '_all_metrics', 'gpu_param', 'transform_target_param', 'target_param', 'fold_param', 'master_model_container', '_gpu_n_jobs_param', 'experiment__', 'data_before_preprocess', 'fold_shuffle_param', 'n_jobs_param', 'y_test', 'iterative_imputation_iters_param', 'USI', 'fix_imbalance_param', 'fix_imbalance_method_param', '_available_plots'}
2022-10-31 18:43:13,509:INFO:Preparing display monitor
2022-10-31 18:43:13,509:INFO:Preparing display monitor
2022-10-31 18:43:13,521:INFO:Importing libraries
2022-10-31 18:43:13,521:INFO:Copying data for preprocessing
2022-10-31 18:43:13,531:INFO:Declaring preprocessing parameters
2022-10-31 18:43:13,533:INFO:Creating preprocessing pipeline
2022-10-31 18:43:13,544:INFO:Preprocessing pipeline created successfully
2022-10-31 18:43:13,544:ERROR:(Process Exit): setup has been interupted with user command 'quit'. setup must rerun.
2022-10-31 18:43:13,544:INFO:Creating global containers
2022-10-31 18:43:13,545:INFO:Internal pipeline: Pipeline(memory=None, steps=[('empty_step', 'passthrough')], verbose=False)
2022-10-31 19:11:26,075:INFO:PyCaret Supervised Module
2022-10-31 19:11:26,081:INFO:ML Usecase: classification
2022-10-31 19:11:26,081:INFO:version 2.3.10
2022-10-31 19:11:26,081:INFO:Initializing setup()
2022-10-31 19:11:26,081:INFO:setup(target=topic_category, ml_usecase=classification, available_plots={'parameter': 'Hyperparameters', 'auc': 'AUC', 'confusion_matrix': 'Confusion Matrix', 'threshold': 'Threshold', 'pr': 'Precision Recall', 'error': 'Prediction Error', 'class_report': 'Class Report', 'rfe': 'Feature Selection', 'learning': 'Learning Curve', 'manifold': 'Manifold Learning', 'calibration': 'Calibration Curve', 'vc': 'Validation Curve', 'dimension': 'Dimensions', 'feature': 'Feature Importance', 'feature_all': 'Feature Importance (All)', 'boundary': 'Decision Boundary', 'lift': 'Lift Chart', 'gain': 'Gain Chart', 'tree': 'Decision Tree', 'ks': 'KS Statistic Plot'}, train_size=0.7, test_data=None, preprocess=True, imputation_type=simple, iterative_imputation_iters=5, categorical_features=None, categorical_imputation=constant, categorical_iterative_imputer=lightgbm, ordinal_features=None, high_cardinality_features=None, high_cardinality_method=frequency, numeric_features=None, numeric_imputation=mean, numeric_iterative_imputer=lightgbm, date_features=None, ignore_features=None, normalize=False, normalize_method=zscore, transformation=False, transformation_method=yeo-johnson, handle_unknown_categorical=True, unknown_categorical_method=least_frequent, pca=False, pca_method=linear, pca_components=None, ignore_low_variance=False, combine_rare_levels=False, rare_level_threshold=0.1, bin_numeric_features=None, remove_outliers=False, outliers_threshold=0.05, remove_multicollinearity=False, multicollinearity_threshold=0.9, remove_perfect_collinearity=True, create_clusters=False, cluster_iter=20, polynomial_features=False, polynomial_degree=2, trigonometry_features=False, polynomial_threshold=0.1, group_features=None, group_names=None, feature_selection=False, feature_selection_threshold=0.8, feature_selection_method=classic, feature_interaction=False, feature_ratio=False, interaction_threshold=0.01, fix_imbalance=False, fix_imbalance_method=None, transform_target=False, transform_target_method=box-cox, data_split_shuffle=True, data_split_stratify=False, fold_strategy=stratifiedkfold, fold=10, fold_shuffle=False, fold_groups=None, n_jobs=-1, use_gpu=False, custom_pipeline=None, html=True, session_id=None, log_experiment=False, experiment_name=None, experiment_custom_tags=None, log_plots=False, log_profile=False, log_data=False, silent=False, verbose=True, profile=False, profile_kwargs=None, display=None)
2022-10-31 19:11:26,081:INFO:Checking environment
2022-10-31 19:11:26,081:INFO:python_version: 3.8.3
2022-10-31 19:11:26,081:INFO:python_build: ('default', 'Jul  2 2020 11:26:31')
2022-10-31 19:11:26,081:INFO:machine: x86_64
2022-10-31 19:11:26,093:INFO:platform: macOS-10.15.7-x86_64-i386-64bit
2022-10-31 19:11:26,094:INFO:Memory: svmem(total=42949672960, available=16786235392, percent=60.9, used=21194674176, free=19673088, active=16770400256, inactive=16764760064, wired=4424273920)
2022-10-31 19:11:26,094:INFO:Physical Core: 8
2022-10-31 19:11:26,095:INFO:Logical Core: 16
2022-10-31 19:11:26,095:INFO:Checking libraries
2022-10-31 19:11:26,095:INFO:pd==1.0.5
2022-10-31 19:11:26,095:INFO:numpy==1.18.5
2022-10-31 19:11:26,095:INFO:sklearn==0.23.2
2022-10-31 19:11:26,095:INFO:lightgbm==3.3.3
2022-10-31 19:11:26,096:WARNING:catboost not found
2022-10-31 19:11:26,096:WARNING:xgboost not found
2022-10-31 19:11:26,096:INFO:mlflow==1.30.0
2022-10-31 19:11:26,096:INFO:Checking Exceptions
2022-10-31 19:11:26,097:INFO:Declaring global variables
2022-10-31 19:11:26,097:INFO:USI: c5a0
2022-10-31 19:11:26,097:INFO:pycaret_globals: {'imputation_classifier', '_ml_usecase', 'create_model_container', '_all_metrics', 'USI', 'display_container', '_available_plots', 'logging_param', 'stratify_param', 'fold_groups_param', 'fold_shuffle_param', 'n_jobs_param', 'fold_param', 'y_test', 'y', 'transform_target_param', 'prep_pipe', 'X_train', 'master_model_container', 'iterative_imputation_iters_param', '_all_models_internal', 'imputation_regressor', 'seed', 'gpu_param', 'data_before_preprocess', 'pycaret_globals', 'X', 'fold_generator', '_internal_pipeline', 'fix_imbalance_param', 'fold_groups_param_full', 'html_param', 'experiment__', '_gpu_n_jobs_param', 'transform_target_method_param', 'target_param', 'X_test', 'dashboard_logger', 'y_train', 'exp_name_log', 'log_plots_param', '_all_models', 'fix_imbalance_method_param'}
2022-10-31 19:11:26,097:INFO:Preparing display monitor
2022-10-31 19:11:26,097:INFO:Preparing display monitor
2022-10-31 19:11:26,107:INFO:Importing libraries
2022-10-31 19:11:26,108:INFO:Copying data for preprocessing
2022-10-31 19:11:26,116:INFO:Declaring preprocessing parameters
2022-10-31 19:11:26,118:INFO:Creating preprocessing pipeline
2022-10-31 19:11:26,131:INFO:Preprocessing pipeline created successfully
2022-10-31 19:11:26,131:ERROR:(Process Exit): setup has been interupted with user command 'quit'. setup must rerun.
2022-10-31 19:11:26,131:INFO:Creating global containers
2022-10-31 19:11:26,134:INFO:Internal pipeline: Pipeline(memory=None, steps=[('empty_step', 'passthrough')], verbose=False)
2022-10-31 19:12:23,157:WARNING:Couldn't import xgboost.XGBClassifier
2022-10-31 19:12:23,158:WARNING:Couldn't import catboost.CatBoostClassifier
2022-10-31 19:12:23,215:WARNING:Couldn't import xgboost.XGBClassifier
2022-10-31 19:12:23,215:WARNING:Couldn't import catboost.CatBoostClassifier
2022-10-31 19:12:23,215:INFO:Creating grid variables
2022-10-31 19:12:23,245:INFO:create_model_container: 0
2022-10-31 19:12:23,245:INFO:master_model_container: 0
2022-10-31 19:12:23,245:INFO:display_container: 1
2022-10-31 19:12:23,248:INFO:Pipeline(memory=None,
         steps=[('dtypes',
                 DataTypes_Auto_infer(categorical_features=[],
                                      display_types=True, features_todrop=[],
                                      id_columns=['Unnamed: 0', 'id'],
                                      ml_usecase='classification',
                                      numerical_features=[],
                                      target='topic_category',
                                      time_features=[])),
                ('imputer',
                 Simple_Imputer(categorical_strategy='not_available',
                                fill_value_categorical=None,
                                fill_value_nume...
                ('scaling', 'passthrough'), ('P_transform', 'passthrough'),
                ('binn', 'passthrough'), ('rem_outliers', 'passthrough'),
                ('cluster_all', 'passthrough'),
                ('dummy', Dummify(target='topic_category')),
                ('fix_perfect', Remove_100(target='topic_category')),
                ('clean_names', Clean_Colum_Names()),
                ('feature_select', 'passthrough'), ('fix_multi', 'passthrough'),
                ('dfs', 'passthrough'), ('pca', 'passthrough')],
         verbose=False)
2022-10-31 19:12:23,249:INFO:setup() succesfully completed......................................
2022-10-31 19:12:53,576:INFO:Initializing compare_models()
2022-10-31 19:12:53,576:INFO:compare_models(include=['lr', 'dt', 'rf', 'mnb'], fold=None, round=4, cross_validation=True, sort=Accuracy, n_select=1, budget_time=None, turbo=True, errors=ignore, fit_kwargs=None, groups=None, experiment_custom_tags=None, probability_threshold=None, verbose=True, display=None, exclude=None)
2022-10-31 19:12:53,576:INFO:Checking exceptions
2022-10-31 19:14:35,334:INFO:Initializing compare_models()
2022-10-31 19:14:35,334:INFO:compare_models(include=['lr', 'dt', 'rf'], fold=None, round=4, cross_validation=True, sort=Accuracy, n_select=1, budget_time=None, turbo=True, errors=ignore, fit_kwargs=None, groups=None, experiment_custom_tags=None, probability_threshold=None, verbose=True, display=None, exclude=None)
2022-10-31 19:14:35,334:INFO:Checking exceptions
2022-10-31 19:14:35,335:INFO:Preparing display monitor
2022-10-31 19:14:35,335:INFO:Preparing display monitor
2022-10-31 19:14:35,356:INFO:Initializing Logistic Regression
2022-10-31 19:14:35,356:INFO:Total runtime is 2.5510787963867186e-06 minutes
2022-10-31 19:14:35,361:INFO:SubProcess create_model() called ==================================
2022-10-31 19:14:35,362:INFO:Initializing create_model()
2022-10-31 19:14:35,362:INFO:create_model(estimator=lr, fold=StratifiedKFold(n_splits=10, random_state=None, shuffle=False), round=4, cross_validation=True, predict=True, fit_kwargs={}, groups=None, refit=False, verbose=False, system=False, metrics=None, experiment_custom_tags=None, add_to_model_list=True, probability_threshold=None, display=<pycaret.internal.Display.Display object at 0x7fbb563e3f40>, return_train_score=False, kwargs={})
2022-10-31 19:14:35,362:INFO:Checking exceptions
2022-10-31 19:14:35,362:INFO:Importing libraries
2022-10-31 19:14:35,362:INFO:Copying training dataset
2022-10-31 19:14:35,398:INFO:Defining folds
2022-10-31 19:14:35,398:INFO:Declaring metric variables
2022-10-31 19:14:35,404:INFO:Importing untrained model
2022-10-31 19:14:35,409:INFO:Logistic Regression Imported succesfully
2022-10-31 19:14:35,421:INFO:Starting cross validation
2022-10-31 19:14:35,421:INFO:Cross validating with StratifiedKFold(n_splits=10, random_state=None, shuffle=False), n_jobs=-1
2022-10-31 19:15:07,563:INFO:Calculating mean and std
2022-10-31 19:15:07,572:INFO:Creating metrics dataframe
2022-10-31 19:15:07,579:INFO:Uploading results into container
2022-10-31 19:15:07,579:INFO:Uploading model into container now
2022-10-31 19:15:07,579:INFO:create_model_container: 1
2022-10-31 19:15:07,579:INFO:master_model_container: 1
2022-10-31 19:15:07,579:INFO:display_container: 2
2022-10-31 19:15:07,580:INFO:LogisticRegression(C=1.0, class_weight=None, dual=False, fit_intercept=True,
                   intercept_scaling=1, l1_ratio=None, max_iter=1000,
                   multi_class='auto', n_jobs=None, penalty='l2',
                   random_state=1409, solver='lbfgs', tol=0.0001, verbose=0,
                   warm_start=False)
2022-10-31 19:15:07,580:INFO:create_model() succesfully completed......................................
2022-10-31 19:15:07,678:INFO:SubProcess create_model() end ==================================
2022-10-31 19:15:07,678:INFO:Creating metrics dataframe
2022-10-31 19:15:07,696:INFO:Initializing Decision Tree Classifier
2022-10-31 19:15:07,696:INFO:Total runtime is 0.5389996012051901 minutes
2022-10-31 19:15:07,701:INFO:SubProcess create_model() called ==================================
2022-10-31 19:15:07,701:INFO:Initializing create_model()
2022-10-31 19:15:07,702:INFO:create_model(estimator=dt, fold=StratifiedKFold(n_splits=10, random_state=None, shuffle=False), round=4, cross_validation=True, predict=True, fit_kwargs={}, groups=None, refit=False, verbose=False, system=False, metrics=None, experiment_custom_tags=None, add_to_model_list=True, probability_threshold=None, display=<pycaret.internal.Display.Display object at 0x7fbb563e3f40>, return_train_score=False, kwargs={})
2022-10-31 19:15:07,702:INFO:Checking exceptions
2022-10-31 19:15:07,702:INFO:Importing libraries
2022-10-31 19:15:07,702:INFO:Copying training dataset
2022-10-31 19:15:07,792:INFO:Defining folds
2022-10-31 19:15:07,792:INFO:Declaring metric variables
2022-10-31 19:15:07,798:INFO:Importing untrained model
2022-10-31 19:15:07,803:INFO:Decision Tree Classifier Imported succesfully
2022-10-31 19:15:07,814:INFO:Starting cross validation
2022-10-31 19:15:07,815:INFO:Cross validating with StratifiedKFold(n_splits=10, random_state=None, shuffle=False), n_jobs=-1
2022-10-31 19:15:12,361:INFO:Calculating mean and std
2022-10-31 19:15:12,362:INFO:Creating metrics dataframe
2022-10-31 19:15:12,366:INFO:Uploading results into container
2022-10-31 19:15:12,366:INFO:Uploading model into container now
2022-10-31 19:15:12,366:INFO:create_model_container: 2
2022-10-31 19:15:12,366:INFO:master_model_container: 2
2022-10-31 19:15:12,366:INFO:display_container: 2
2022-10-31 19:15:12,366:INFO:DecisionTreeClassifier(ccp_alpha=0.0, class_weight=None, criterion='gini',
                       max_depth=None, max_features=None, max_leaf_nodes=None,
                       min_impurity_decrease=0.0, min_impurity_split=None,
                       min_samples_leaf=1, min_samples_split=2,
                       min_weight_fraction_leaf=0.0, presort='deprecated',
                       random_state=1409, splitter='best')
2022-10-31 19:15:12,366:INFO:create_model() succesfully completed......................................
2022-10-31 19:15:12,441:INFO:SubProcess create_model() end ==================================
2022-10-31 19:15:12,441:INFO:Creating metrics dataframe
2022-10-31 19:15:12,453:INFO:Initializing Random Forest Classifier
2022-10-31 19:15:12,453:INFO:Total runtime is 0.6182957172393799 minutes
2022-10-31 19:15:12,459:INFO:SubProcess create_model() called ==================================
2022-10-31 19:15:12,459:INFO:Initializing create_model()
2022-10-31 19:15:12,459:INFO:create_model(estimator=rf, fold=StratifiedKFold(n_splits=10, random_state=None, shuffle=False), round=4, cross_validation=True, predict=True, fit_kwargs={}, groups=None, refit=False, verbose=False, system=False, metrics=None, experiment_custom_tags=None, add_to_model_list=True, probability_threshold=None, display=<pycaret.internal.Display.Display object at 0x7fbb563e3f40>, return_train_score=False, kwargs={})
2022-10-31 19:15:12,459:INFO:Checking exceptions
2022-10-31 19:15:12,459:INFO:Importing libraries
2022-10-31 19:15:12,459:INFO:Copying training dataset
2022-10-31 19:15:12,494:INFO:Defining folds
2022-10-31 19:15:12,494:INFO:Declaring metric variables
2022-10-31 19:15:12,500:INFO:Importing untrained model
2022-10-31 19:15:12,505:INFO:Random Forest Classifier Imported succesfully
2022-10-31 19:15:12,516:INFO:Starting cross validation
2022-10-31 19:15:12,516:INFO:Cross validating with StratifiedKFold(n_splits=10, random_state=None, shuffle=False), n_jobs=-1
2022-10-31 19:15:26,995:INFO:Calculating mean and std
2022-10-31 19:15:26,996:INFO:Creating metrics dataframe
2022-10-31 19:15:27,000:INFO:Uploading results into container
2022-10-31 19:15:27,000:INFO:Uploading model into container now
2022-10-31 19:15:27,000:INFO:create_model_container: 3
2022-10-31 19:15:27,000:INFO:master_model_container: 3
2022-10-31 19:15:27,000:INFO:display_container: 2
2022-10-31 19:15:27,000:INFO:RandomForestClassifier(bootstrap=True, ccp_alpha=0.0, class_weight=None,
                       criterion='gini', max_depth=None, max_features='auto',
                       max_leaf_nodes=None, max_samples=None,
                       min_impurity_decrease=0.0, min_impurity_split=None,
                       min_samples_leaf=1, min_samples_split=2,
                       min_weight_fraction_leaf=0.0, n_estimators=100,
                       n_jobs=-1, oob_score=False, random_state=1409, verbose=0,
                       warm_start=False)
2022-10-31 19:15:27,000:INFO:create_model() succesfully completed......................................
2022-10-31 19:15:27,079:INFO:SubProcess create_model() end ==================================
2022-10-31 19:15:27,079:INFO:Creating metrics dataframe
2022-10-31 19:15:27,107:INFO:Initializing create_model()
2022-10-31 19:15:27,107:INFO:create_model(estimator=LogisticRegression(C=1.0, class_weight=None, dual=False, fit_intercept=True,
                   intercept_scaling=1, l1_ratio=None, max_iter=1000,
                   multi_class='auto', n_jobs=None, penalty='l2',
                   random_state=1409, solver='lbfgs', tol=0.0001, verbose=0,
                   warm_start=False), fold=StratifiedKFold(n_splits=10, random_state=None, shuffle=False), round=4, cross_validation=False, predict=False, fit_kwargs={}, groups=None, refit=True, verbose=False, system=False, metrics=None, experiment_custom_tags=None, add_to_model_list=True, probability_threshold=None, display=None, return_train_score=False, kwargs={})
2022-10-31 19:15:27,107:INFO:Checking exceptions
2022-10-31 19:15:27,107:INFO:Importing libraries
2022-10-31 19:15:27,107:INFO:Copying training dataset
2022-10-31 19:15:27,144:INFO:Defining folds
2022-10-31 19:15:27,144:INFO:Declaring metric variables
2022-10-31 19:15:27,144:INFO:Importing untrained model
2022-10-31 19:15:27,144:INFO:Declaring custom model
2022-10-31 19:15:27,144:INFO:Logistic Regression Imported succesfully
2022-10-31 19:15:27,144:INFO:Cross validation set to False
2022-10-31 19:15:27,145:INFO:Fitting Model
2022-10-31 19:15:30,122:INFO:LogisticRegression(C=1.0, class_weight=None, dual=False, fit_intercept=True,
                   intercept_scaling=1, l1_ratio=None, max_iter=1000,
                   multi_class='auto', n_jobs=None, penalty='l2',
                   random_state=1409, solver='lbfgs', tol=0.0001, verbose=0,
                   warm_start=False)
2022-10-31 19:15:30,123:INFO:create_models() succesfully completed......................................
2022-10-31 19:15:30,270:INFO:create_model_container: 3
2022-10-31 19:15:30,271:INFO:master_model_container: 3
2022-10-31 19:15:30,271:INFO:display_container: 2
2022-10-31 19:15:30,271:INFO:LogisticRegression(C=1.0, class_weight=None, dual=False, fit_intercept=True,
                   intercept_scaling=1, l1_ratio=None, max_iter=1000,
                   multi_class='auto', n_jobs=None, penalty='l2',
                   random_state=1409, solver='lbfgs', tol=0.0001, verbose=0,
                   warm_start=False)
2022-10-31 19:15:30,271:INFO:compare_models() succesfully completed......................................
2022-10-31 19:16:51,358:INFO:Initializing compare_models()
2022-10-31 19:16:51,358:INFO:compare_models(include=['lr', 'dt', 'rf', 'mnb'], fold=None, round=4, cross_validation=True, sort=Accuracy, n_select=1, budget_time=None, turbo=True, errors=ignore, fit_kwargs=None, groups=None, experiment_custom_tags=None, probability_threshold=None, verbose=True, display=None, exclude=None)
2022-10-31 19:16:51,358:INFO:Checking exceptions
2022-10-31 19:17:23,365:INFO:Initializing compare_models()
2022-10-31 19:17:23,365:INFO:compare_models(include=['lr', 'dt', 'rf'], fold=None, round=4, cross_validation=True, sort=Accuracy, n_select=1, budget_time=None, turbo=True, errors=ignore, fit_kwargs=None, groups=None, experiment_custom_tags=None, probability_threshold=None, verbose=True, display=None, exclude=None)
2022-10-31 19:17:23,365:INFO:Checking exceptions
2022-10-31 19:17:23,366:INFO:Preparing display monitor
2022-10-31 19:17:23,366:INFO:Preparing display monitor
2022-10-31 19:17:23,392:INFO:Initializing Logistic Regression
2022-10-31 19:17:23,392:INFO:Total runtime is 3.751118977864583e-06 minutes
2022-10-31 19:17:23,399:INFO:SubProcess create_model() called ==================================
2022-10-31 19:17:23,400:INFO:Initializing create_model()
2022-10-31 19:17:23,400:INFO:create_model(estimator=lr, fold=StratifiedKFold(n_splits=10, random_state=None, shuffle=False), round=4, cross_validation=True, predict=True, fit_kwargs={}, groups=None, refit=False, verbose=False, system=False, metrics=None, experiment_custom_tags=None, add_to_model_list=True, probability_threshold=None, display=<pycaret.internal.Display.Display object at 0x7fbb22585b50>, return_train_score=False, kwargs={})
2022-10-31 19:17:23,400:INFO:Checking exceptions
2022-10-31 19:17:23,400:INFO:Importing libraries
2022-10-31 19:17:23,400:INFO:Copying training dataset
2022-10-31 19:17:23,445:INFO:Defining folds
2022-10-31 19:17:23,445:INFO:Declaring metric variables
2022-10-31 19:17:23,451:INFO:Importing untrained model
2022-10-31 19:17:23,457:INFO:Logistic Regression Imported succesfully
2022-10-31 19:17:23,470:INFO:Starting cross validation
2022-10-31 19:17:23,471:INFO:Cross validating with StratifiedKFold(n_splits=10, random_state=None, shuffle=False), n_jobs=-1
2022-10-31 19:17:52,332:INFO:Calculating mean and std
2022-10-31 19:17:52,335:INFO:Creating metrics dataframe
2022-10-31 19:17:52,340:INFO:Uploading results into container
2022-10-31 19:17:52,340:INFO:Uploading model into container now
2022-10-31 19:17:52,340:INFO:create_model_container: 4
2022-10-31 19:17:52,340:INFO:master_model_container: 4
2022-10-31 19:17:52,340:INFO:display_container: 3
2022-10-31 19:17:52,340:INFO:LogisticRegression(C=1.0, class_weight=None, dual=False, fit_intercept=True,
                   intercept_scaling=1, l1_ratio=None, max_iter=1000,
                   multi_class='auto', n_jobs=None, penalty='l2',
                   random_state=1409, solver='lbfgs', tol=0.0001, verbose=0,
                   warm_start=False)
2022-10-31 19:17:52,340:INFO:create_model() succesfully completed......................................
2022-10-31 19:17:52,418:INFO:SubProcess create_model() end ==================================
2022-10-31 19:17:52,418:INFO:Creating metrics dataframe
2022-10-31 19:17:52,427:INFO:Initializing Decision Tree Classifier
2022-10-31 19:17:52,427:INFO:Total runtime is 0.48391043345133467 minutes
2022-10-31 19:17:52,433:INFO:SubProcess create_model() called ==================================
2022-10-31 19:17:52,434:INFO:Initializing create_model()
2022-10-31 19:17:52,434:INFO:create_model(estimator=dt, fold=StratifiedKFold(n_splits=10, random_state=None, shuffle=False), round=4, cross_validation=True, predict=True, fit_kwargs={}, groups=None, refit=False, verbose=False, system=False, metrics=None, experiment_custom_tags=None, add_to_model_list=True, probability_threshold=None, display=<pycaret.internal.Display.Display object at 0x7fbb22585b50>, return_train_score=False, kwargs={})
2022-10-31 19:17:52,434:INFO:Checking exceptions
2022-10-31 19:17:52,434:INFO:Importing libraries
2022-10-31 19:17:52,434:INFO:Copying training dataset
2022-10-31 19:17:52,472:INFO:Defining folds
2022-10-31 19:17:52,473:INFO:Declaring metric variables
2022-10-31 19:17:52,478:INFO:Importing untrained model
2022-10-31 19:17:52,485:INFO:Decision Tree Classifier Imported succesfully
2022-10-31 19:17:52,497:INFO:Starting cross validation
2022-10-31 19:17:52,498:INFO:Cross validating with StratifiedKFold(n_splits=10, random_state=None, shuffle=False), n_jobs=-1
2022-10-31 19:17:56,993:INFO:Calculating mean and std
2022-10-31 19:17:56,994:INFO:Creating metrics dataframe
2022-10-31 19:17:57,000:INFO:Uploading results into container
2022-10-31 19:17:57,000:INFO:Uploading model into container now
2022-10-31 19:17:57,000:INFO:create_model_container: 5
2022-10-31 19:17:57,000:INFO:master_model_container: 5
2022-10-31 19:17:57,000:INFO:display_container: 3
2022-10-31 19:17:57,001:INFO:DecisionTreeClassifier(ccp_alpha=0.0, class_weight=None, criterion='gini',
                       max_depth=None, max_features=None, max_leaf_nodes=None,
                       min_impurity_decrease=0.0, min_impurity_split=None,
                       min_samples_leaf=1, min_samples_split=2,
                       min_weight_fraction_leaf=0.0, presort='deprecated',
                       random_state=1409, splitter='best')
2022-10-31 19:17:57,001:INFO:create_model() succesfully completed......................................
2022-10-31 19:17:57,095:INFO:SubProcess create_model() end ==================================
2022-10-31 19:17:57,095:INFO:Creating metrics dataframe
2022-10-31 19:17:57,109:INFO:Initializing Random Forest Classifier
2022-10-31 19:17:57,109:INFO:Total runtime is 0.5619553168614706 minutes
2022-10-31 19:17:57,116:INFO:SubProcess create_model() called ==================================
2022-10-31 19:17:57,117:INFO:Initializing create_model()
2022-10-31 19:17:57,117:INFO:create_model(estimator=rf, fold=StratifiedKFold(n_splits=10, random_state=None, shuffle=False), round=4, cross_validation=True, predict=True, fit_kwargs={}, groups=None, refit=False, verbose=False, system=False, metrics=None, experiment_custom_tags=None, add_to_model_list=True, probability_threshold=None, display=<pycaret.internal.Display.Display object at 0x7fbb22585b50>, return_train_score=False, kwargs={})
2022-10-31 19:17:57,117:INFO:Checking exceptions
2022-10-31 19:17:57,118:INFO:Importing libraries
2022-10-31 19:17:57,118:INFO:Copying training dataset
2022-10-31 19:17:57,218:INFO:Defining folds
2022-10-31 19:17:57,218:INFO:Declaring metric variables
2022-10-31 19:17:57,224:INFO:Importing untrained model
2022-10-31 19:17:57,230:INFO:Random Forest Classifier Imported succesfully
2022-10-31 19:17:57,243:INFO:Starting cross validation
2022-10-31 19:17:57,243:INFO:Cross validating with StratifiedKFold(n_splits=10, random_state=None, shuffle=False), n_jobs=-1
2022-10-31 19:18:11,193:INFO:Calculating mean and std
2022-10-31 19:18:11,194:INFO:Creating metrics dataframe
2022-10-31 19:18:11,199:INFO:Uploading results into container
2022-10-31 19:18:11,199:INFO:Uploading model into container now
2022-10-31 19:18:11,199:INFO:create_model_container: 6
2022-10-31 19:18:11,199:INFO:master_model_container: 6
2022-10-31 19:18:11,199:INFO:display_container: 3
2022-10-31 19:18:11,199:INFO:RandomForestClassifier(bootstrap=True, ccp_alpha=0.0, class_weight=None,
                       criterion='gini', max_depth=None, max_features='auto',
                       max_leaf_nodes=None, max_samples=None,
                       min_impurity_decrease=0.0, min_impurity_split=None,
                       min_samples_leaf=1, min_samples_split=2,
                       min_weight_fraction_leaf=0.0, n_estimators=100,
                       n_jobs=-1, oob_score=False, random_state=1409, verbose=0,
                       warm_start=False)
2022-10-31 19:18:11,200:INFO:create_model() succesfully completed......................................
2022-10-31 19:18:11,274:INFO:SubProcess create_model() end ==================================
2022-10-31 19:18:11,274:INFO:Creating metrics dataframe
2022-10-31 19:18:11,302:INFO:Initializing create_model()
2022-10-31 19:18:11,302:INFO:create_model(estimator=LogisticRegression(C=1.0, class_weight=None, dual=False, fit_intercept=True,
                   intercept_scaling=1, l1_ratio=None, max_iter=1000,
                   multi_class='auto', n_jobs=None, penalty='l2',
                   random_state=1409, solver='lbfgs', tol=0.0001, verbose=0,
                   warm_start=False), fold=StratifiedKFold(n_splits=10, random_state=None, shuffle=False), round=4, cross_validation=False, predict=False, fit_kwargs={}, groups=None, refit=True, verbose=False, system=False, metrics=None, experiment_custom_tags=None, add_to_model_list=True, probability_threshold=None, display=None, return_train_score=False, kwargs={})
2022-10-31 19:18:11,302:INFO:Checking exceptions
2022-10-31 19:18:11,302:INFO:Importing libraries
2022-10-31 19:18:11,302:INFO:Copying training dataset
2022-10-31 19:18:11,339:INFO:Defining folds
2022-10-31 19:18:11,339:INFO:Declaring metric variables
2022-10-31 19:18:11,339:INFO:Importing untrained model
2022-10-31 19:18:11,339:INFO:Declaring custom model
2022-10-31 19:18:11,339:INFO:Logistic Regression Imported succesfully
2022-10-31 19:18:11,340:INFO:Cross validation set to False
2022-10-31 19:18:11,340:INFO:Fitting Model
2022-10-31 19:18:14,144:INFO:LogisticRegression(C=1.0, class_weight=None, dual=False, fit_intercept=True,
                   intercept_scaling=1, l1_ratio=None, max_iter=1000,
                   multi_class='auto', n_jobs=None, penalty='l2',
                   random_state=1409, solver='lbfgs', tol=0.0001, verbose=0,
                   warm_start=False)
2022-10-31 19:18:14,145:INFO:create_models() succesfully completed......................................
2022-10-31 19:18:14,279:INFO:create_model_container: 6
2022-10-31 19:18:14,279:INFO:master_model_container: 6
2022-10-31 19:18:14,279:INFO:display_container: 3
2022-10-31 19:18:14,279:INFO:LogisticRegression(C=1.0, class_weight=None, dual=False, fit_intercept=True,
                   intercept_scaling=1, l1_ratio=None, max_iter=1000,
                   multi_class='auto', n_jobs=None, penalty='l2',
                   random_state=1409, solver='lbfgs', tol=0.0001, verbose=0,
                   warm_start=False)
2022-10-31 19:18:14,279:INFO:compare_models() succesfully completed......................................
2022-10-31 19:21:02,142:INFO:Initializing compare_models()
2022-10-31 19:21:02,142:INFO:compare_models(include=None, fold=None, round=4, cross_validation=True, sort=Accuracy, n_select=1, budget_time=None, turbo=True, errors=ignore, fit_kwargs=None, groups=None, experiment_custom_tags=None, probability_threshold=None, verbose=True, display=None, exclude=None)
2022-10-31 19:21:02,142:INFO:Checking exceptions
2022-10-31 19:21:02,144:INFO:Preparing display monitor
2022-10-31 19:21:02,144:INFO:Preparing display monitor
2022-10-31 19:21:02,162:INFO:Initializing Logistic Regression
2022-10-31 19:21:02,163:INFO:Total runtime is 2.2530555725097655e-06 minutes
2022-10-31 19:21:02,168:INFO:SubProcess create_model() called ==================================
2022-10-31 19:21:02,169:INFO:Initializing create_model()
2022-10-31 19:21:02,169:INFO:create_model(estimator=lr, fold=StratifiedKFold(n_splits=10, random_state=None, shuffle=False), round=4, cross_validation=True, predict=True, fit_kwargs={}, groups=None, refit=False, verbose=False, system=False, metrics=None, experiment_custom_tags=None, add_to_model_list=True, probability_threshold=None, display=<pycaret.internal.Display.Display object at 0x7fbb60828820>, return_train_score=False, kwargs={})
2022-10-31 19:21:02,169:INFO:Checking exceptions
2022-10-31 19:21:02,169:INFO:Importing libraries
2022-10-31 19:21:02,169:INFO:Copying training dataset
2022-10-31 19:21:02,210:INFO:Defining folds
2022-10-31 19:21:02,210:INFO:Declaring metric variables
2022-10-31 19:21:02,215:INFO:Importing untrained model
2022-10-31 19:21:02,221:INFO:Logistic Regression Imported succesfully
2022-10-31 19:21:02,232:INFO:Starting cross validation
2022-10-31 19:21:02,232:INFO:Cross validating with StratifiedKFold(n_splits=10, random_state=None, shuffle=False), n_jobs=-1
2022-10-31 19:21:30,632:INFO:Calculating mean and std
2022-10-31 19:21:30,635:INFO:Creating metrics dataframe
2022-10-31 19:21:30,640:INFO:Uploading results into container
2022-10-31 19:21:30,640:INFO:Uploading model into container now
2022-10-31 19:21:30,640:INFO:create_model_container: 7
2022-10-31 19:21:30,640:INFO:master_model_container: 7
2022-10-31 19:21:30,640:INFO:display_container: 4
2022-10-31 19:21:30,641:INFO:LogisticRegression(C=1.0, class_weight=None, dual=False, fit_intercept=True,
                   intercept_scaling=1, l1_ratio=None, max_iter=1000,
                   multi_class='auto', n_jobs=None, penalty='l2',
                   random_state=1409, solver='lbfgs', tol=0.0001, verbose=0,
                   warm_start=False)
2022-10-31 19:21:30,641:INFO:create_model() succesfully completed......................................
2022-10-31 19:21:30,739:INFO:SubProcess create_model() end ==================================
2022-10-31 19:21:30,739:INFO:Creating metrics dataframe
2022-10-31 19:21:30,749:INFO:Initializing K Neighbors Classifier
2022-10-31 19:21:30,749:INFO:Total runtime is 0.4764505346616109 minutes
2022-10-31 19:21:30,757:INFO:SubProcess create_model() called ==================================
2022-10-31 19:21:30,757:INFO:Initializing create_model()
2022-10-31 19:21:30,757:INFO:create_model(estimator=knn, fold=StratifiedKFold(n_splits=10, random_state=None, shuffle=False), round=4, cross_validation=True, predict=True, fit_kwargs={}, groups=None, refit=False, verbose=False, system=False, metrics=None, experiment_custom_tags=None, add_to_model_list=True, probability_threshold=None, display=<pycaret.internal.Display.Display object at 0x7fbb60828820>, return_train_score=False, kwargs={})
2022-10-31 19:21:30,757:INFO:Checking exceptions
2022-10-31 19:21:30,757:INFO:Importing libraries
2022-10-31 19:21:30,757:INFO:Copying training dataset
2022-10-31 19:21:30,852:INFO:Defining folds
2022-10-31 19:21:30,853:INFO:Declaring metric variables
2022-10-31 19:21:30,858:INFO:Importing untrained model
2022-10-31 19:21:30,865:INFO:K Neighbors Classifier Imported succesfully
2022-10-31 19:21:30,877:INFO:Starting cross validation
2022-10-31 19:21:30,878:INFO:Cross validating with StratifiedKFold(n_splits=10, random_state=None, shuffle=False), n_jobs=-1
2022-10-31 19:25:21,411:INFO:Calculating mean and std
2022-10-31 19:25:21,413:INFO:Creating metrics dataframe
2022-10-31 19:25:21,418:INFO:Uploading results into container
2022-10-31 19:25:21,418:INFO:Uploading model into container now
2022-10-31 19:25:21,418:INFO:create_model_container: 8
2022-10-31 19:25:21,418:INFO:master_model_container: 8
2022-10-31 19:25:21,418:INFO:display_container: 4
2022-10-31 19:25:21,418:INFO:KNeighborsClassifier(algorithm='auto', leaf_size=30, metric='minkowski',
                     metric_params=None, n_jobs=-1, n_neighbors=5, p=2,
                     weights='uniform')
2022-10-31 19:25:21,418:INFO:create_model() succesfully completed......................................
2022-10-31 19:25:21,507:INFO:SubProcess create_model() end ==================================
2022-10-31 19:25:21,507:INFO:Creating metrics dataframe
2022-10-31 19:25:21,520:INFO:Initializing Naive Bayes
2022-10-31 19:25:21,520:INFO:Total runtime is 4.322627568244934 minutes
2022-10-31 19:25:21,526:INFO:SubProcess create_model() called ==================================
2022-10-31 19:25:21,526:INFO:Initializing create_model()
2022-10-31 19:25:21,526:INFO:create_model(estimator=nb, fold=StratifiedKFold(n_splits=10, random_state=None, shuffle=False), round=4, cross_validation=True, predict=True, fit_kwargs={}, groups=None, refit=False, verbose=False, system=False, metrics=None, experiment_custom_tags=None, add_to_model_list=True, probability_threshold=None, display=<pycaret.internal.Display.Display object at 0x7fbb60828820>, return_train_score=False, kwargs={})
2022-10-31 19:25:21,526:INFO:Checking exceptions
2022-10-31 19:25:21,526:INFO:Importing libraries
2022-10-31 19:25:21,526:INFO:Copying training dataset
2022-10-31 19:25:21,618:INFO:Defining folds
2022-10-31 19:25:21,618:INFO:Declaring metric variables
2022-10-31 19:25:21,623:INFO:Importing untrained model
2022-10-31 19:25:21,629:INFO:Naive Bayes Imported succesfully
2022-10-31 19:25:21,640:INFO:Starting cross validation
2022-10-31 19:25:21,640:INFO:Cross validating with StratifiedKFold(n_splits=10, random_state=None, shuffle=False), n_jobs=-1
2022-10-31 19:25:31,542:INFO:Calculating mean and std
2022-10-31 19:25:31,544:INFO:Creating metrics dataframe
2022-10-31 19:25:31,549:INFO:Uploading results into container
2022-10-31 19:25:31,549:INFO:Uploading model into container now
2022-10-31 19:25:31,549:INFO:create_model_container: 9
2022-10-31 19:25:31,549:INFO:master_model_container: 9
2022-10-31 19:25:31,549:INFO:display_container: 4
2022-10-31 19:25:31,550:INFO:GaussianNB(priors=None, var_smoothing=1e-09)
2022-10-31 19:25:31,550:INFO:create_model() succesfully completed......................................
2022-10-31 19:25:31,639:INFO:SubProcess create_model() end ==================================
2022-10-31 19:25:31,639:INFO:Creating metrics dataframe
2022-10-31 19:25:31,653:INFO:Initializing Decision Tree Classifier
2022-10-31 19:25:31,654:INFO:Total runtime is 4.491520933310191 minutes
2022-10-31 19:25:31,660:INFO:SubProcess create_model() called ==================================
2022-10-31 19:25:31,660:INFO:Initializing create_model()
2022-10-31 19:25:31,660:INFO:create_model(estimator=dt, fold=StratifiedKFold(n_splits=10, random_state=None, shuffle=False), round=4, cross_validation=True, predict=True, fit_kwargs={}, groups=None, refit=False, verbose=False, system=False, metrics=None, experiment_custom_tags=None, add_to_model_list=True, probability_threshold=None, display=<pycaret.internal.Display.Display object at 0x7fbb60828820>, return_train_score=False, kwargs={})
2022-10-31 19:25:31,660:INFO:Checking exceptions
2022-10-31 19:25:31,661:INFO:Importing libraries
2022-10-31 19:25:31,661:INFO:Copying training dataset
2022-10-31 19:25:31,753:INFO:Defining folds
2022-10-31 19:25:31,753:INFO:Declaring metric variables
2022-10-31 19:25:31,759:INFO:Importing untrained model
2022-10-31 19:25:31,764:INFO:Decision Tree Classifier Imported succesfully
2022-10-31 19:25:31,776:INFO:Starting cross validation
2022-10-31 19:25:31,776:INFO:Cross validating with StratifiedKFold(n_splits=10, random_state=None, shuffle=False), n_jobs=-1
2022-10-31 19:25:35,764:INFO:Calculating mean and std
2022-10-31 19:25:35,766:INFO:Creating metrics dataframe
2022-10-31 19:25:35,771:INFO:Uploading results into container
2022-10-31 19:25:35,771:INFO:Uploading model into container now
2022-10-31 19:25:35,771:INFO:create_model_container: 10
2022-10-31 19:25:35,771:INFO:master_model_container: 10
2022-10-31 19:25:35,772:INFO:display_container: 4
2022-10-31 19:25:35,772:INFO:DecisionTreeClassifier(ccp_alpha=0.0, class_weight=None, criterion='gini',
                       max_depth=None, max_features=None, max_leaf_nodes=None,
                       min_impurity_decrease=0.0, min_impurity_split=None,
                       min_samples_leaf=1, min_samples_split=2,
                       min_weight_fraction_leaf=0.0, presort='deprecated',
                       random_state=1409, splitter='best')
2022-10-31 19:25:35,772:INFO:create_model() succesfully completed......................................
2022-10-31 19:25:35,860:INFO:SubProcess create_model() end ==================================
2022-10-31 19:25:35,860:INFO:Creating metrics dataframe
2022-10-31 19:25:35,876:INFO:Initializing SVM - Linear Kernel
2022-10-31 19:25:35,876:INFO:Total runtime is 4.56189558506012 minutes
2022-10-31 19:25:35,882:INFO:SubProcess create_model() called ==================================
2022-10-31 19:25:35,882:INFO:Initializing create_model()
2022-10-31 19:25:35,882:INFO:create_model(estimator=svm, fold=StratifiedKFold(n_splits=10, random_state=None, shuffle=False), round=4, cross_validation=True, predict=True, fit_kwargs={}, groups=None, refit=False, verbose=False, system=False, metrics=None, experiment_custom_tags=None, add_to_model_list=True, probability_threshold=None, display=<pycaret.internal.Display.Display object at 0x7fbb60828820>, return_train_score=False, kwargs={})
2022-10-31 19:25:35,882:INFO:Checking exceptions
2022-10-31 19:25:35,882:INFO:Importing libraries
2022-10-31 19:25:35,882:INFO:Copying training dataset
2022-10-31 19:25:35,974:INFO:Defining folds
2022-10-31 19:25:35,974:INFO:Declaring metric variables
2022-10-31 19:25:35,979:INFO:Importing untrained model
2022-10-31 19:25:35,985:INFO:SVM - Linear Kernel Imported succesfully
2022-10-31 19:25:35,996:INFO:Starting cross validation
2022-10-31 19:25:35,997:INFO:Cross validating with StratifiedKFold(n_splits=10, random_state=None, shuffle=False), n_jobs=-1
2022-10-31 19:26:00,273:INFO:Calculating mean and std
2022-10-31 19:26:00,276:INFO:Creating metrics dataframe
2022-10-31 19:26:00,280:INFO:Uploading results into container
2022-10-31 19:26:00,280:INFO:Uploading model into container now
2022-10-31 19:26:00,280:INFO:create_model_container: 11
2022-10-31 19:26:00,280:INFO:master_model_container: 11
2022-10-31 19:26:00,280:INFO:display_container: 4
2022-10-31 19:26:00,280:INFO:SGDClassifier(alpha=0.0001, average=False, class_weight=None,
              early_stopping=False, epsilon=0.1, eta0=0.001, fit_intercept=True,
              l1_ratio=0.15, learning_rate='optimal', loss='hinge',
              max_iter=1000, n_iter_no_change=5, n_jobs=-1, penalty='l2',
              power_t=0.5, random_state=1409, shuffle=True, tol=0.001,
              validation_fraction=0.1, verbose=0, warm_start=False)
2022-10-31 19:26:00,281:INFO:create_model() succesfully completed......................................
2022-10-31 19:26:00,357:INFO:SubProcess create_model() end ==================================
2022-10-31 19:26:00,357:INFO:Creating metrics dataframe
2022-10-31 19:26:00,374:INFO:Initializing Ridge Classifier
2022-10-31 19:26:00,374:INFO:Total runtime is 4.970190552870433 minutes
2022-10-31 19:26:00,379:INFO:SubProcess create_model() called ==================================
2022-10-31 19:26:00,380:INFO:Initializing create_model()
2022-10-31 19:26:00,380:INFO:create_model(estimator=ridge, fold=StratifiedKFold(n_splits=10, random_state=None, shuffle=False), round=4, cross_validation=True, predict=True, fit_kwargs={}, groups=None, refit=False, verbose=False, system=False, metrics=None, experiment_custom_tags=None, add_to_model_list=True, probability_threshold=None, display=<pycaret.internal.Display.Display object at 0x7fbb60828820>, return_train_score=False, kwargs={})
2022-10-31 19:26:00,380:INFO:Checking exceptions
2022-10-31 19:26:00,380:INFO:Importing libraries
2022-10-31 19:26:00,380:INFO:Copying training dataset
2022-10-31 19:26:00,416:INFO:Defining folds
2022-10-31 19:26:00,417:INFO:Declaring metric variables
2022-10-31 19:26:00,422:INFO:Importing untrained model
2022-10-31 19:26:00,428:INFO:Ridge Classifier Imported succesfully
2022-10-31 19:26:00,440:INFO:Starting cross validation
2022-10-31 19:26:00,440:INFO:Cross validating with StratifiedKFold(n_splits=10, random_state=None, shuffle=False), n_jobs=-1
2022-10-31 19:26:15,290:INFO:Calculating mean and std
2022-10-31 19:26:15,291:INFO:Creating metrics dataframe
2022-10-31 19:26:15,297:INFO:Uploading results into container
2022-10-31 19:26:15,297:INFO:Uploading model into container now
2022-10-31 19:26:15,297:INFO:create_model_container: 12
2022-10-31 19:26:15,297:INFO:master_model_container: 12
2022-10-31 19:26:15,297:INFO:display_container: 4
2022-10-31 19:26:15,297:INFO:RidgeClassifier(alpha=1.0, class_weight=None, copy_X=True, fit_intercept=True,
                max_iter=None, normalize=False, random_state=1409,
                solver='auto', tol=0.001)
2022-10-31 19:26:15,297:INFO:create_model() succesfully completed......................................
2022-10-31 19:26:15,388:INFO:SubProcess create_model() end ==================================
2022-10-31 19:26:15,388:INFO:Creating metrics dataframe
2022-10-31 19:26:15,408:INFO:Initializing Random Forest Classifier
2022-10-31 19:26:15,421:INFO:Total runtime is 5.220968818664551 minutes
2022-10-31 19:26:15,427:INFO:SubProcess create_model() called ==================================
2022-10-31 19:26:15,428:INFO:Initializing create_model()
2022-10-31 19:26:15,428:INFO:create_model(estimator=rf, fold=StratifiedKFold(n_splits=10, random_state=None, shuffle=False), round=4, cross_validation=True, predict=True, fit_kwargs={}, groups=None, refit=False, verbose=False, system=False, metrics=None, experiment_custom_tags=None, add_to_model_list=True, probability_threshold=None, display=<pycaret.internal.Display.Display object at 0x7fbb60828820>, return_train_score=False, kwargs={})
2022-10-31 19:26:15,428:INFO:Checking exceptions
2022-10-31 19:26:15,428:INFO:Importing libraries
2022-10-31 19:26:15,429:INFO:Copying training dataset
2022-10-31 19:26:15,524:INFO:Defining folds
2022-10-31 19:26:15,525:INFO:Declaring metric variables
2022-10-31 19:26:15,530:INFO:Importing untrained model
2022-10-31 19:26:15,536:INFO:Random Forest Classifier Imported succesfully
2022-10-31 19:26:15,547:INFO:Starting cross validation
2022-10-31 19:26:15,551:INFO:Cross validating with StratifiedKFold(n_splits=10, random_state=None, shuffle=False), n_jobs=-1
2022-10-31 19:26:29,799:INFO:Calculating mean and std
2022-10-31 19:26:29,800:INFO:Creating metrics dataframe
2022-10-31 19:26:29,805:INFO:Uploading results into container
2022-10-31 19:26:29,806:INFO:Uploading model into container now
2022-10-31 19:26:29,806:INFO:create_model_container: 13
2022-10-31 19:26:29,806:INFO:master_model_container: 13
2022-10-31 19:26:29,806:INFO:display_container: 4
2022-10-31 19:26:29,806:INFO:RandomForestClassifier(bootstrap=True, ccp_alpha=0.0, class_weight=None,
                       criterion='gini', max_depth=None, max_features='auto',
                       max_leaf_nodes=None, max_samples=None,
                       min_impurity_decrease=0.0, min_impurity_split=None,
                       min_samples_leaf=1, min_samples_split=2,
                       min_weight_fraction_leaf=0.0, n_estimators=100,
                       n_jobs=-1, oob_score=False, random_state=1409, verbose=0,
                       warm_start=False)
2022-10-31 19:26:29,806:INFO:create_model() succesfully completed......................................
2022-10-31 19:26:29,897:INFO:SubProcess create_model() end ==================================
2022-10-31 19:26:29,897:INFO:Creating metrics dataframe
2022-10-31 19:26:29,920:INFO:Initializing Quadratic Discriminant Analysis
2022-10-31 19:26:29,921:INFO:Total runtime is 5.46263523499171 minutes
2022-10-31 19:26:29,927:INFO:SubProcess create_model() called ==================================
2022-10-31 19:26:29,927:INFO:Initializing create_model()
2022-10-31 19:26:29,927:INFO:create_model(estimator=qda, fold=StratifiedKFold(n_splits=10, random_state=None, shuffle=False), round=4, cross_validation=True, predict=True, fit_kwargs={}, groups=None, refit=False, verbose=False, system=False, metrics=None, experiment_custom_tags=None, add_to_model_list=True, probability_threshold=None, display=<pycaret.internal.Display.Display object at 0x7fbb60828820>, return_train_score=False, kwargs={})
2022-10-31 19:26:29,927:INFO:Checking exceptions
2022-10-31 19:26:29,927:INFO:Importing libraries
2022-10-31 19:26:29,927:INFO:Copying training dataset
2022-10-31 19:26:30,020:INFO:Defining folds
2022-10-31 19:26:30,020:INFO:Declaring metric variables
2022-10-31 19:26:30,026:INFO:Importing untrained model
2022-10-31 19:26:30,031:INFO:Quadratic Discriminant Analysis Imported succesfully
2022-10-31 19:26:30,043:INFO:Starting cross validation
2022-10-31 19:26:30,043:INFO:Cross validating with StratifiedKFold(n_splits=10, random_state=None, shuffle=False), n_jobs=-1
2022-10-31 19:27:16,101:INFO:Calculating mean and std
2022-10-31 19:27:16,102:INFO:Creating metrics dataframe
2022-10-31 19:27:16,108:INFO:Uploading results into container
2022-10-31 19:27:16,108:INFO:Uploading model into container now
2022-10-31 19:27:16,108:INFO:create_model_container: 14
2022-10-31 19:27:16,108:INFO:master_model_container: 14
2022-10-31 19:27:16,109:INFO:display_container: 4
2022-10-31 19:27:16,109:INFO:QuadraticDiscriminantAnalysis(priors=None, reg_param=0.0,
                              store_covariance=False, tol=0.0001)
2022-10-31 19:27:16,109:INFO:create_model() succesfully completed......................................
2022-10-31 19:27:16,197:INFO:SubProcess create_model() end ==================================
2022-10-31 19:27:16,197:INFO:Creating metrics dataframe
2022-10-31 19:27:16,221:INFO:Initializing Ada Boost Classifier
2022-10-31 19:27:16,221:INFO:Total runtime is 6.234309200445812 minutes
2022-10-31 19:27:16,227:INFO:SubProcess create_model() called ==================================
2022-10-31 19:27:16,227:INFO:Initializing create_model()
2022-10-31 19:27:16,227:INFO:create_model(estimator=ada, fold=StratifiedKFold(n_splits=10, random_state=None, shuffle=False), round=4, cross_validation=True, predict=True, fit_kwargs={}, groups=None, refit=False, verbose=False, system=False, metrics=None, experiment_custom_tags=None, add_to_model_list=True, probability_threshold=None, display=<pycaret.internal.Display.Display object at 0x7fbb60828820>, return_train_score=False, kwargs={})
2022-10-31 19:27:16,227:INFO:Checking exceptions
2022-10-31 19:27:16,227:INFO:Importing libraries
2022-10-31 19:27:16,227:INFO:Copying training dataset
2022-10-31 19:27:16,262:INFO:Defining folds
2022-10-31 19:27:16,262:INFO:Declaring metric variables
2022-10-31 19:27:16,268:INFO:Importing untrained model
2022-10-31 19:27:16,273:INFO:Ada Boost Classifier Imported succesfully
2022-10-31 19:27:16,285:INFO:Starting cross validation
2022-10-31 19:27:16,285:INFO:Cross validating with StratifiedKFold(n_splits=10, random_state=None, shuffle=False), n_jobs=-1
2022-10-31 19:27:34,351:INFO:Calculating mean and std
2022-10-31 19:27:34,353:INFO:Creating metrics dataframe
2022-10-31 19:27:34,358:INFO:Uploading results into container
2022-10-31 19:27:34,358:INFO:Uploading model into container now
2022-10-31 19:27:34,358:INFO:create_model_container: 15
2022-10-31 19:27:34,358:INFO:master_model_container: 15
2022-10-31 19:27:34,358:INFO:display_container: 4
2022-10-31 19:27:34,359:INFO:AdaBoostClassifier(algorithm='SAMME.R', base_estimator=None, learning_rate=1.0,
                   n_estimators=50, random_state=1409)
2022-10-31 19:27:34,359:INFO:create_model() succesfully completed......................................
2022-10-31 19:27:34,444:INFO:SubProcess create_model() end ==================================
2022-10-31 19:27:34,444:INFO:Creating metrics dataframe
2022-10-31 19:27:34,472:INFO:Initializing Gradient Boosting Classifier
2022-10-31 19:27:34,472:INFO:Total runtime is 6.538500134150188 minutes
2022-10-31 19:27:34,478:INFO:SubProcess create_model() called ==================================
2022-10-31 19:27:34,479:INFO:Initializing create_model()
2022-10-31 19:27:34,479:INFO:create_model(estimator=gbc, fold=StratifiedKFold(n_splits=10, random_state=None, shuffle=False), round=4, cross_validation=True, predict=True, fit_kwargs={}, groups=None, refit=False, verbose=False, system=False, metrics=None, experiment_custom_tags=None, add_to_model_list=True, probability_threshold=None, display=<pycaret.internal.Display.Display object at 0x7fbb60828820>, return_train_score=False, kwargs={})
2022-10-31 19:27:34,479:INFO:Checking exceptions
2022-10-31 19:27:34,479:INFO:Importing libraries
2022-10-31 19:27:34,479:INFO:Copying training dataset
2022-10-31 19:27:34,568:INFO:Defining folds
2022-10-31 19:27:34,568:INFO:Declaring metric variables
2022-10-31 19:27:34,573:INFO:Importing untrained model
2022-10-31 19:27:34,578:INFO:Gradient Boosting Classifier Imported succesfully
2022-10-31 19:27:34,589:INFO:Starting cross validation
2022-10-31 19:27:34,590:INFO:Cross validating with StratifiedKFold(n_splits=10, random_state=None, shuffle=False), n_jobs=-1
2022-10-31 19:39:46,193:WARNING:create_model() for gbc raised an exception or returned all 0.0, trying without fit_kwargs:
2022-10-31 19:39:46,197:WARNING:Traceback (most recent call last):
  File "/Users/aleksandrageorgievska/opt/anaconda3/lib/python3.8/site-packages/pycaret/internal/tabular.py", line 2203, in compare_models
    model, model_fit_time = create_model_supervised(**create_model_args)
  File "/Users/aleksandrageorgievska/opt/anaconda3/lib/python3.8/site-packages/pycaret/internal/tabular.py", line 3200, in create_model_supervised
    scores = cross_validate(
  File "/Users/aleksandrageorgievska/opt/anaconda3/lib/python3.8/site-packages/sklearn/utils/validation.py", line 72, in inner_f
    return f(**kwargs)
  File "/Users/aleksandrageorgievska/opt/anaconda3/lib/python3.8/site-packages/sklearn/model_selection/_validation.py", line 242, in cross_validate
    scores = parallel(
  File "/Users/aleksandrageorgievska/opt/anaconda3/lib/python3.8/site-packages/joblib/parallel.py", line 1054, in __call__
    self.retrieve()
  File "/Users/aleksandrageorgievska/opt/anaconda3/lib/python3.8/site-packages/joblib/parallel.py", line 933, in retrieve
    self._output.extend(job.get(timeout=self.timeout))
  File "/Users/aleksandrageorgievska/opt/anaconda3/lib/python3.8/site-packages/joblib/_parallel_backends.py", line 542, in wrap_future_result
    return future.result(timeout=timeout)
  File "/Users/aleksandrageorgievska/opt/anaconda3/lib/python3.8/concurrent/futures/_base.py", line 434, in result
    self._condition.wait(timeout)
  File "/Users/aleksandrageorgievska/opt/anaconda3/lib/python3.8/threading.py", line 302, in wait
    waiter.acquire()
KeyboardInterrupt

2022-10-31 19:39:46,197:INFO:Initializing create_model()
2022-10-31 19:39:46,197:INFO:create_model(estimator=gbc, fold=StratifiedKFold(n_splits=10, random_state=None, shuffle=False), round=4, cross_validation=True, predict=True, fit_kwargs={}, groups=None, refit=False, verbose=False, system=False, metrics=None, experiment_custom_tags=None, add_to_model_list=True, probability_threshold=None, display=<pycaret.internal.Display.Display object at 0x7fbb60828820>, return_train_score=False, kwargs={})
2022-10-31 19:39:46,197:INFO:Checking exceptions
2022-10-31 19:39:46,197:INFO:Importing libraries
2022-10-31 19:39:46,197:INFO:Copying training dataset
2022-10-31 19:39:46,292:INFO:Defining folds
2022-10-31 19:39:46,292:INFO:Declaring metric variables
2022-10-31 19:39:46,298:INFO:Importing untrained model
2022-10-31 19:39:46,303:INFO:Gradient Boosting Classifier Imported succesfully
2022-10-31 19:39:46,316:INFO:Starting cross validation
2022-10-31 19:39:46,316:INFO:Cross validating with StratifiedKFold(n_splits=10, random_state=None, shuffle=False), n_jobs=-1
2022-10-31 19:40:43,445:ERROR:create_model() for gbc raised an exception or returned all 0.0:
2022-10-31 19:40:43,446:ERROR:Traceback (most recent call last):
  File "/Users/aleksandrageorgievska/opt/anaconda3/lib/python3.8/site-packages/pycaret/internal/tabular.py", line 2203, in compare_models
    model, model_fit_time = create_model_supervised(**create_model_args)
  File "/Users/aleksandrageorgievska/opt/anaconda3/lib/python3.8/site-packages/pycaret/internal/tabular.py", line 3200, in create_model_supervised
    scores = cross_validate(
  File "/Users/aleksandrageorgievska/opt/anaconda3/lib/python3.8/site-packages/sklearn/utils/validation.py", line 72, in inner_f
    return f(**kwargs)
  File "/Users/aleksandrageorgievska/opt/anaconda3/lib/python3.8/site-packages/sklearn/model_selection/_validation.py", line 242, in cross_validate
    scores = parallel(
  File "/Users/aleksandrageorgievska/opt/anaconda3/lib/python3.8/site-packages/joblib/parallel.py", line 1054, in __call__
    self.retrieve()
  File "/Users/aleksandrageorgievska/opt/anaconda3/lib/python3.8/site-packages/joblib/parallel.py", line 933, in retrieve
    self._output.extend(job.get(timeout=self.timeout))
  File "/Users/aleksandrageorgievska/opt/anaconda3/lib/python3.8/site-packages/joblib/_parallel_backends.py", line 542, in wrap_future_result
    return future.result(timeout=timeout)
  File "/Users/aleksandrageorgievska/opt/anaconda3/lib/python3.8/concurrent/futures/_base.py", line 434, in result
    self._condition.wait(timeout)
  File "/Users/aleksandrageorgievska/opt/anaconda3/lib/python3.8/threading.py", line 302, in wait
    waiter.acquire()
KeyboardInterrupt

During handling of the above exception, another exception occurred:

Traceback (most recent call last):
  File "/Users/aleksandrageorgievska/opt/anaconda3/lib/python3.8/site-packages/pycaret/internal/tabular.py", line 2212, in compare_models
    model, model_fit_time = create_model_supervised(**create_model_args)
  File "/Users/aleksandrageorgievska/opt/anaconda3/lib/python3.8/site-packages/pycaret/internal/tabular.py", line 3200, in create_model_supervised
    scores = cross_validate(
  File "/Users/aleksandrageorgievska/opt/anaconda3/lib/python3.8/site-packages/sklearn/utils/validation.py", line 72, in inner_f
    return f(**kwargs)
  File "/Users/aleksandrageorgievska/opt/anaconda3/lib/python3.8/site-packages/sklearn/model_selection/_validation.py", line 242, in cross_validate
    scores = parallel(
  File "/Users/aleksandrageorgievska/opt/anaconda3/lib/python3.8/site-packages/joblib/parallel.py", line 1054, in __call__
    self.retrieve()
  File "/Users/aleksandrageorgievska/opt/anaconda3/lib/python3.8/site-packages/joblib/parallel.py", line 933, in retrieve
    self._output.extend(job.get(timeout=self.timeout))
  File "/Users/aleksandrageorgievska/opt/anaconda3/lib/python3.8/site-packages/joblib/_parallel_backends.py", line 542, in wrap_future_result
    return future.result(timeout=timeout)
  File "/Users/aleksandrageorgievska/opt/anaconda3/lib/python3.8/concurrent/futures/_base.py", line 434, in result
    self._condition.wait(timeout)
  File "/Users/aleksandrageorgievska/opt/anaconda3/lib/python3.8/threading.py", line 302, in wait
    waiter.acquire()
KeyboardInterrupt

2022-10-31 19:40:43,467:INFO:Initializing Linear Discriminant Analysis
2022-10-31 19:40:43,467:INFO:Total runtime is 19.68840405146281 minutes
2022-10-31 19:40:43,474:INFO:SubProcess create_model() called ==================================
2022-10-31 19:40:43,475:INFO:Initializing create_model()
2022-10-31 19:40:43,475:INFO:create_model(estimator=lda, fold=StratifiedKFold(n_splits=10, random_state=None, shuffle=False), round=4, cross_validation=True, predict=True, fit_kwargs={}, groups=None, refit=False, verbose=False, system=False, metrics=None, experiment_custom_tags=None, add_to_model_list=True, probability_threshold=None, display=<pycaret.internal.Display.Display object at 0x7fbb60828820>, return_train_score=False, kwargs={})
2022-10-31 19:40:43,475:INFO:Checking exceptions
2022-10-31 19:40:43,475:INFO:Importing libraries
2022-10-31 19:40:43,475:INFO:Copying training dataset
2022-10-31 19:40:43,566:INFO:Defining folds
2022-10-31 19:40:43,566:INFO:Declaring metric variables
2022-10-31 19:40:43,572:INFO:Importing untrained model
2022-10-31 19:40:43,577:INFO:Linear Discriminant Analysis Imported succesfully
2022-10-31 19:40:43,588:INFO:Starting cross validation
2022-10-31 19:40:43,588:INFO:Cross validating with StratifiedKFold(n_splits=10, random_state=None, shuffle=False), n_jobs=-1
2022-10-31 19:44:04,839:WARNING:create_model() for lda raised an exception or returned all 0.0, trying without fit_kwargs:
2022-10-31 19:44:04,841:WARNING:Traceback (most recent call last):
  File "/Users/aleksandrageorgievska/opt/anaconda3/lib/python3.8/site-packages/pycaret/internal/tabular.py", line 2203, in compare_models
    model, model_fit_time = create_model_supervised(**create_model_args)
  File "/Users/aleksandrageorgievska/opt/anaconda3/lib/python3.8/site-packages/pycaret/internal/tabular.py", line 3200, in create_model_supervised
    scores = cross_validate(
  File "/Users/aleksandrageorgievska/opt/anaconda3/lib/python3.8/site-packages/sklearn/utils/validation.py", line 72, in inner_f
    return f(**kwargs)
  File "/Users/aleksandrageorgievska/opt/anaconda3/lib/python3.8/site-packages/sklearn/model_selection/_validation.py", line 242, in cross_validate
    scores = parallel(
  File "/Users/aleksandrageorgievska/opt/anaconda3/lib/python3.8/site-packages/joblib/parallel.py", line 1054, in __call__
    self.retrieve()
  File "/Users/aleksandrageorgievska/opt/anaconda3/lib/python3.8/site-packages/joblib/parallel.py", line 933, in retrieve
    self._output.extend(job.get(timeout=self.timeout))
  File "/Users/aleksandrageorgievska/opt/anaconda3/lib/python3.8/site-packages/joblib/_parallel_backends.py", line 542, in wrap_future_result
    return future.result(timeout=timeout)
  File "/Users/aleksandrageorgievska/opt/anaconda3/lib/python3.8/concurrent/futures/_base.py", line 434, in result
    self._condition.wait(timeout)
  File "/Users/aleksandrageorgievska/opt/anaconda3/lib/python3.8/threading.py", line 302, in wait
    waiter.acquire()
KeyboardInterrupt

2022-10-31 19:44:04,841:INFO:Initializing create_model()
2022-10-31 19:44:04,841:INFO:create_model(estimator=lda, fold=StratifiedKFold(n_splits=10, random_state=None, shuffle=False), round=4, cross_validation=True, predict=True, fit_kwargs={}, groups=None, refit=False, verbose=False, system=False, metrics=None, experiment_custom_tags=None, add_to_model_list=True, probability_threshold=None, display=<pycaret.internal.Display.Display object at 0x7fbb60828820>, return_train_score=False, kwargs={})
2022-10-31 19:44:04,841:INFO:Checking exceptions
2022-10-31 19:44:04,841:INFO:Importing libraries
2022-10-31 19:44:04,841:INFO:Copying training dataset
2022-10-31 19:44:04,934:INFO:Defining folds
2022-10-31 19:44:04,934:INFO:Declaring metric variables
2022-10-31 19:44:04,943:INFO:Importing untrained model
2022-10-31 19:44:04,951:INFO:Linear Discriminant Analysis Imported succesfully
2022-10-31 19:44:04,964:INFO:Starting cross validation
2022-10-31 19:44:04,964:INFO:Cross validating with StratifiedKFold(n_splits=10, random_state=None, shuffle=False), n_jobs=-1
2022-10-31 19:44:10,762:ERROR:create_model() for lda raised an exception or returned all 0.0:
2022-10-31 19:44:10,763:ERROR:Traceback (most recent call last):
  File "/Users/aleksandrageorgievska/opt/anaconda3/lib/python3.8/site-packages/pycaret/internal/tabular.py", line 2203, in compare_models
    model, model_fit_time = create_model_supervised(**create_model_args)
  File "/Users/aleksandrageorgievska/opt/anaconda3/lib/python3.8/site-packages/pycaret/internal/tabular.py", line 3200, in create_model_supervised
    scores = cross_validate(
  File "/Users/aleksandrageorgievska/opt/anaconda3/lib/python3.8/site-packages/sklearn/utils/validation.py", line 72, in inner_f
    return f(**kwargs)
  File "/Users/aleksandrageorgievska/opt/anaconda3/lib/python3.8/site-packages/sklearn/model_selection/_validation.py", line 242, in cross_validate
    scores = parallel(
  File "/Users/aleksandrageorgievska/opt/anaconda3/lib/python3.8/site-packages/joblib/parallel.py", line 1054, in __call__
    self.retrieve()
  File "/Users/aleksandrageorgievska/opt/anaconda3/lib/python3.8/site-packages/joblib/parallel.py", line 933, in retrieve
    self._output.extend(job.get(timeout=self.timeout))
  File "/Users/aleksandrageorgievska/opt/anaconda3/lib/python3.8/site-packages/joblib/_parallel_backends.py", line 542, in wrap_future_result
    return future.result(timeout=timeout)
  File "/Users/aleksandrageorgievska/opt/anaconda3/lib/python3.8/concurrent/futures/_base.py", line 434, in result
    self._condition.wait(timeout)
  File "/Users/aleksandrageorgievska/opt/anaconda3/lib/python3.8/threading.py", line 302, in wait
    waiter.acquire()
KeyboardInterrupt

During handling of the above exception, another exception occurred:

Traceback (most recent call last):
  File "/Users/aleksandrageorgievska/opt/anaconda3/lib/python3.8/site-packages/pycaret/internal/tabular.py", line 2212, in compare_models
    model, model_fit_time = create_model_supervised(**create_model_args)
  File "/Users/aleksandrageorgievska/opt/anaconda3/lib/python3.8/site-packages/pycaret/internal/tabular.py", line 3200, in create_model_supervised
    scores = cross_validate(
  File "/Users/aleksandrageorgievska/opt/anaconda3/lib/python3.8/site-packages/sklearn/utils/validation.py", line 72, in inner_f
    return f(**kwargs)
  File "/Users/aleksandrageorgievska/opt/anaconda3/lib/python3.8/site-packages/sklearn/model_selection/_validation.py", line 242, in cross_validate
    scores = parallel(
  File "/Users/aleksandrageorgievska/opt/anaconda3/lib/python3.8/site-packages/joblib/parallel.py", line 1054, in __call__
    self.retrieve()
  File "/Users/aleksandrageorgievska/opt/anaconda3/lib/python3.8/site-packages/joblib/parallel.py", line 933, in retrieve
    self._output.extend(job.get(timeout=self.timeout))
  File "/Users/aleksandrageorgievska/opt/anaconda3/lib/python3.8/site-packages/joblib/_parallel_backends.py", line 542, in wrap_future_result
    return future.result(timeout=timeout)
  File "/Users/aleksandrageorgievska/opt/anaconda3/lib/python3.8/concurrent/futures/_base.py", line 434, in result
    self._condition.wait(timeout)
  File "/Users/aleksandrageorgievska/opt/anaconda3/lib/python3.8/threading.py", line 302, in wait
    waiter.acquire()
KeyboardInterrupt

2022-10-31 19:44:10,783:INFO:Initializing Extra Trees Classifier
2022-10-31 19:44:10,783:INFO:Total runtime is 23.143674604098003 minutes
2022-10-31 19:44:10,790:INFO:SubProcess create_model() called ==================================
2022-10-31 19:44:10,791:INFO:Initializing create_model()
2022-10-31 19:44:10,791:INFO:create_model(estimator=et, fold=StratifiedKFold(n_splits=10, random_state=None, shuffle=False), round=4, cross_validation=True, predict=True, fit_kwargs={}, groups=None, refit=False, verbose=False, system=False, metrics=None, experiment_custom_tags=None, add_to_model_list=True, probability_threshold=None, display=<pycaret.internal.Display.Display object at 0x7fbb60828820>, return_train_score=False, kwargs={})
2022-10-31 19:44:10,791:INFO:Checking exceptions
2022-10-31 19:44:10,791:INFO:Importing libraries
2022-10-31 19:44:10,791:INFO:Copying training dataset
2022-10-31 19:44:10,882:INFO:Defining folds
2022-10-31 19:44:10,883:INFO:Declaring metric variables
2022-10-31 19:44:10,888:INFO:Importing untrained model
2022-10-31 19:44:10,894:INFO:Extra Trees Classifier Imported succesfully
2022-10-31 19:44:10,906:INFO:Starting cross validation
2022-10-31 19:44:10,906:INFO:Cross validating with StratifiedKFold(n_splits=10, random_state=None, shuffle=False), n_jobs=-1
2022-10-31 19:44:29,709:INFO:Calculating mean and std
2022-10-31 19:44:29,710:INFO:Creating metrics dataframe
2022-10-31 19:44:29,716:INFO:Uploading results into container
2022-10-31 19:44:29,716:INFO:Uploading model into container now
2022-10-31 19:44:29,716:INFO:create_model_container: 16
2022-10-31 19:44:29,716:INFO:master_model_container: 16
2022-10-31 19:44:29,716:INFO:display_container: 4
2022-10-31 19:44:29,716:INFO:ExtraTreesClassifier(bootstrap=False, ccp_alpha=0.0, class_weight=None,
                     criterion='gini', max_depth=None, max_features='auto',
                     max_leaf_nodes=None, max_samples=None,
                     min_impurity_decrease=0.0, min_impurity_split=None,
                     min_samples_leaf=1, min_samples_split=2,
                     min_weight_fraction_leaf=0.0, n_estimators=100, n_jobs=-1,
                     oob_score=False, random_state=1409, verbose=0,
                     warm_start=False)
2022-10-31 19:44:29,717:INFO:create_model() succesfully completed......................................
2022-10-31 19:44:29,826:INFO:SubProcess create_model() end ==================================
2022-10-31 19:44:29,847:INFO:Creating metrics dataframe
2022-10-31 19:44:29,878:INFO:Initializing Light Gradient Boosting Machine
2022-10-31 19:44:29,889:INFO:Total runtime is 23.462107400099438 minutes
2022-10-31 19:44:29,895:INFO:SubProcess create_model() called ==================================
2022-10-31 19:44:29,896:INFO:Initializing create_model()
2022-10-31 19:44:29,896:INFO:create_model(estimator=lightgbm, fold=StratifiedKFold(n_splits=10, random_state=None, shuffle=False), round=4, cross_validation=True, predict=True, fit_kwargs={}, groups=None, refit=False, verbose=False, system=False, metrics=None, experiment_custom_tags=None, add_to_model_list=True, probability_threshold=None, display=<pycaret.internal.Display.Display object at 0x7fbb60828820>, return_train_score=False, kwargs={})
2022-10-31 19:44:29,896:INFO:Checking exceptions
2022-10-31 19:44:29,896:INFO:Importing libraries
2022-10-31 19:44:29,896:INFO:Copying training dataset
2022-10-31 19:44:29,987:INFO:Defining folds
2022-10-31 19:44:29,987:INFO:Declaring metric variables
2022-10-31 19:44:29,992:INFO:Importing untrained model
2022-10-31 19:44:29,998:INFO:Light Gradient Boosting Machine Imported succesfully
2022-10-31 19:44:30,009:INFO:Starting cross validation
2022-10-31 19:44:30,009:INFO:Cross validating with StratifiedKFold(n_splits=10, random_state=None, shuffle=False), n_jobs=-1
2022-10-31 19:44:41,090:INFO:Calculating mean and std
2022-10-31 19:44:41,092:INFO:Creating metrics dataframe
2022-10-31 19:44:41,112:INFO:Uploading results into container
2022-10-31 19:44:41,112:INFO:Uploading model into container now
2022-10-31 19:44:41,112:INFO:create_model_container: 17
2022-10-31 19:44:41,112:INFO:master_model_container: 17
2022-10-31 19:44:41,112:INFO:display_container: 4
2022-10-31 19:44:41,113:INFO:LGBMClassifier(boosting_type='gbdt', class_weight=None, colsample_bytree=1.0,
               importance_type='split', learning_rate=0.1, max_depth=-1,
               min_child_samples=20, min_child_weight=0.001, min_split_gain=0.0,
               n_estimators=100, n_jobs=-1, num_leaves=31, objective=None,
               random_state=1409, reg_alpha=0.0, reg_lambda=0.0, silent='warn',
               subsample=1.0, subsample_for_bin=200000, subsample_freq=0)
2022-10-31 19:44:41,115:INFO:create_model() succesfully completed......................................
2022-10-31 19:44:41,195:INFO:SubProcess create_model() end ==================================
2022-10-31 19:44:41,195:INFO:Creating metrics dataframe
2022-10-31 19:44:41,225:INFO:Initializing Dummy Classifier
2022-10-31 19:44:41,225:INFO:Total runtime is 23.651046919822694 minutes
2022-10-31 19:44:41,237:INFO:SubProcess create_model() called ==================================
2022-10-31 19:44:41,237:INFO:Initializing create_model()
2022-10-31 19:44:41,237:INFO:create_model(estimator=dummy, fold=StratifiedKFold(n_splits=10, random_state=None, shuffle=False), round=4, cross_validation=True, predict=True, fit_kwargs={}, groups=None, refit=False, verbose=False, system=False, metrics=None, experiment_custom_tags=None, add_to_model_list=True, probability_threshold=None, display=<pycaret.internal.Display.Display object at 0x7fbb60828820>, return_train_score=False, kwargs={})
2022-10-31 19:44:41,237:INFO:Checking exceptions
2022-10-31 19:44:41,237:INFO:Importing libraries
2022-10-31 19:44:41,237:INFO:Copying training dataset
2022-10-31 19:44:41,276:INFO:Defining folds
2022-10-31 19:44:41,276:INFO:Declaring metric variables
2022-10-31 19:44:41,284:INFO:Importing untrained model
2022-10-31 19:44:41,290:INFO:Dummy Classifier Imported succesfully
2022-10-31 19:44:41,301:INFO:Starting cross validation
2022-10-31 19:44:41,302:INFO:Cross validating with StratifiedKFold(n_splits=10, random_state=None, shuffle=False), n_jobs=-1
2022-10-31 19:44:44,168:INFO:Calculating mean and std
2022-10-31 19:44:44,170:INFO:Creating metrics dataframe
2022-10-31 19:44:44,175:INFO:Uploading results into container
2022-10-31 19:44:44,175:INFO:Uploading model into container now
2022-10-31 19:44:44,175:INFO:create_model_container: 18
2022-10-31 19:44:44,176:INFO:master_model_container: 18
2022-10-31 19:44:44,176:INFO:display_container: 4
2022-10-31 19:44:44,176:INFO:DummyClassifier(constant=None, random_state=1409, strategy='prior')
2022-10-31 19:44:44,176:INFO:create_model() succesfully completed......................................
2022-10-31 19:44:44,259:INFO:SubProcess create_model() end ==================================
2022-10-31 19:44:44,259:INFO:Creating metrics dataframe
2022-10-31 19:44:44,310:INFO:Initializing create_model()
2022-10-31 19:44:44,310:INFO:create_model(estimator=LogisticRegression(C=1.0, class_weight=None, dual=False, fit_intercept=True,
                   intercept_scaling=1, l1_ratio=None, max_iter=1000,
                   multi_class='auto', n_jobs=None, penalty='l2',
                   random_state=1409, solver='lbfgs', tol=0.0001, verbose=0,
                   warm_start=False), fold=StratifiedKFold(n_splits=10, random_state=None, shuffle=False), round=4, cross_validation=False, predict=False, fit_kwargs={}, groups=None, refit=True, verbose=False, system=False, metrics=None, experiment_custom_tags=None, add_to_model_list=True, probability_threshold=None, display=None, return_train_score=False, kwargs={})
2022-10-31 19:44:44,310:INFO:Checking exceptions
2022-10-31 19:44:44,310:INFO:Importing libraries
2022-10-31 19:44:44,310:INFO:Copying training dataset
2022-10-31 19:44:44,400:INFO:Defining folds
2022-10-31 19:44:44,400:INFO:Declaring metric variables
2022-10-31 19:44:44,400:INFO:Importing untrained model
2022-10-31 19:44:44,400:INFO:Declaring custom model
2022-10-31 19:44:44,401:INFO:Logistic Regression Imported succesfully
2022-10-31 19:44:44,401:INFO:Cross validation set to False
2022-10-31 19:44:44,401:INFO:Fitting Model
2022-10-31 19:44:47,254:INFO:LogisticRegression(C=1.0, class_weight=None, dual=False, fit_intercept=True,
                   intercept_scaling=1, l1_ratio=None, max_iter=1000,
                   multi_class='auto', n_jobs=None, penalty='l2',
                   random_state=1409, solver='lbfgs', tol=0.0001, verbose=0,
                   warm_start=False)
2022-10-31 19:44:47,255:INFO:create_models() succesfully completed......................................
2022-10-31 19:44:47,426:INFO:create_model_container: 18
2022-10-31 19:44:47,426:INFO:master_model_container: 18
2022-10-31 19:44:47,426:INFO:display_container: 4
2022-10-31 19:44:47,426:INFO:LogisticRegression(C=1.0, class_weight=None, dual=False, fit_intercept=True,
                   intercept_scaling=1, l1_ratio=None, max_iter=1000,
                   multi_class='auto', n_jobs=None, penalty='l2',
                   random_state=1409, solver='lbfgs', tol=0.0001, verbose=0,
                   warm_start=False)
2022-10-31 19:44:47,426:INFO:compare_models() succesfully completed......................................
